
[error occurred during error reporting (printing stack bounds), id 0xc0000005]


[error occurred during error reporting (printing native stack), id 0xc0000005]


Current CompileTask:
C2:    437    2             sun.misc.ASCIICaseInsensitiveComparator::compare (126 bytes)


---------------  P R O C E S S  ---------------

Java Threads: ( => current thread )
  0x000000000a55b800 JavaThread "pool-3-thread-1" [_thread_new, id=1744, stack(0x0000000000000000,0x0000000000000000)]
  0x000000000a47c000 JavaThread "pool-2-thread-1" [_thread_in_Java, id=9092, stack(0x000000000a830000,0x000000000a930000)]
  0x0000000008aa6000 JavaThread "Service Thread" daemon [_thread_blocked, id=4724, stack(0x000000000a230000,0x000000000a330000)]
=>0x0000000008a9c000 JavaThread "C2 CompilerThread1" daemon [_thread_in_native, id=13908, stack(0x000000000a130000,0x000000000a230000)]
  0x0000000008a92000 JavaThread "C2 CompilerThread0" daemon [_thread_blocked, id=3368, stack(0x000000000a030000,0x000000000a130000)]
  0x0000000008a91000 JavaThread "Attach Listener" daemon [_thread_blocked, id=2532, stack(0x0000000009f30000,0x000000000a030000)]
  0x0000000008a6a000 JavaThread "Signal Dispatcher" daemon [_thread_blocked, id=7640, stack(0x0000000009e30000,0x0000000009f30000)]
  0x0000000008a03000 JavaThread "Finalizer" daemon [_thread_blocked, id=5004, stack(0x0000000009d30000,0x0000000009e30000)]
  0x00000000089ff800 JavaThread "Reference Handler" daemon [_thread_blocked, id=10556, stack(0x0000000009c30000,0x0000000009d30000)]
  0x00000000024a0800 JavaThread "main" [_thread_in_Java, id=7396, stack(0x00000000023a0000,0x00000000024a0000)]

Other Threads:
  0x00000000089f7000 VMThread [stack: 0x0000000009b30000,0x0000000009c30000] [id=6876]
  0x0000000008ab6800 WatcherThread [stack: 0x000000000a330000,0x000000000a430000] [id=13544]

VM state:not at safepoint (normal execution)

VM Mutex/Monitor currently owned by a thread: None

Heap
 PSYoungGen      total 37568K, used 3231K [0x00000000eaab0000, 0x00000000ed490000, 0x0000000000000000)
  eden space 32256K, 10% used [0x00000000eaab0000,0x00000000eadd7f18,0x00000000eca30000)
  from space 5312K, 0% used [0x00000000ecf60000,0x00000000ecf60000,0x00000000ed490000)
  to   space 5312K, 0% used [0x00000000eca30000,0x00000000eca30000,0x00000000ecf60000)
 ParOldGen       total 85760K, used 0K [0x00000000c0000000, 0x00000000c53c0000, 0x00000000eaab0000)
  object space 85760K, 0% used [0x00000000c0000000,0x00000000c0000000,0x00000000c53c0000)
 PSPermGen       total 21248K, used 3602K [0x00000000bae00000, 0x00000000bc2c0000, 0x00000000c0000000)
  object space 21248K, 16% used [0x00000000bae00000,0x00000000bb1849d0,0x00000000bc2c0000)

Code Cache  [0x00000000025a0000, 0x0000000002810000, 0x00000000055a0000)
 total_blobs=199 nmethods=6 adapters=145 free_code_cache=48757Kb largest_free_block=49912768

Compilation events (3 events):
Event: 0.234 Thread 0x0000000008a92000    1             java.lang.String::charAt (33 bytes)
Event: 0.238 Thread 0x0000000008a92000 nmethod 1 0x00000000025ffc10 code [0x00000000025ffd40, 0x00000000025ffdd8]
Event: 0.293 Thread 0x0000000008a9c000    2             sun.misc.ASCIICaseInsensitiveComparator::compare (126 bytes)

GC Heap History (0 events):
No events

Deoptimization events (0 events):
No events

Internal exceptions (4 events):
Event: 0.136 Thread 0x00000000024a0800 Threw 0x00000000eaac1520 at C:\jdk7u2_64p\jdk7u4\hotspot\src\share\vm\prims\jni.cpp:3993
Event: 0.240 Thread 0x00000000024a0800 Threw 0x00000000eab44080 at C:\jdk7u2_64p\jdk7u4\hotspot\src\share\vm\prims\jvm.cpp:1166
Event: 0.292 Thread 0x00000000024a0800 Threw 0x00000000eab56428 at C:\jdk7u2_64p\jdk7u4\hotspot\src\share\vm\prims\jvm.cpp:1166
Event: 0.294 Thread 0x00000000024a0800 Threw 0x00000000eab5a488 at C:\jdk7u2_64p\jdk7u4\hotspot\src\share\vm\prims\jvm.cpp:1166

Events (10 events):
Event: 0.291 loading class 0x0000000008ab3900
Event: 0.291 loading class 0x0000000008ab3900 done
Event: 0.291 loading class 0x00000000089f5f10
Event: 0.291 loading class 0x00000000089f5f10 done
Event: 0.292 loading class 0x0000000008ab52c0
Event: 0.292 loading class 0x0000000008ab52c0 done
Event: 0.293 loading class 0x000000000258dbc0
Event: 0.293 loading class 0x000000000258dbc0 done
Event: 0.294 loading class 0x0000000008ab5240
Event: 0.294 loading class 0x0000000008ab5240 done


Dynamic libraries:
0x00000000eafc0000 - 0x00000000eaff3000 	C:\Program Files\Java\jdk1.7.0_04\bin\java.exe
0x0000000047790000 - 0x0000000047951000 	C:\WINDOWS\SYSTEM32\ntdll.dll
0x0000000045ef0000 - 0x0000000045f9d000 	C:\WINDOWS\system32\KERNEL32.DLL
0x0000000044000000 - 0x00000000441e8000 	C:\WINDOWS\system32\KERNELBASE.dll
0x0000000045d10000 - 0x0000000045db7000 	C:\WINDOWS\system32\ADVAPI32.dll
0x0000000045290000 - 0x000000004532d000 	C:\WINDOWS\system32\msvcrt.dll
0x0000000045330000 - 0x000000004538b000 	C:\WINDOWS\system32\sechost.dll
0x0000000045bf0000 - 0x0000000045d0c000 	C:\WINDOWS\system32\RPCRT4.dll
0x0000000044c50000 - 0x0000000044da6000 	C:\WINDOWS\system32\USER32.dll
0x0000000045fa0000 - 0x0000000046126000 	C:\WINDOWS\system32\GDI32.dll
0x0000000040910000 - 0x0000000040b84000 	C:\WINDOWS\WinSxS\amd64_microsoft.windows.common-controls_6595b64144ccf1df_6.0.10586.0_none_8c15ae12515e1c22\COMCTL32.dll
0x0000000045970000 - 0x0000000045bed000 	C:\WINDOWS\system32\combase.dll
0x0000000044240000 - 0x00000000442aa000 	C:\WINDOWS\system32\bcryptPrimitives.dll
0x0000000045de0000 - 0x0000000045e1b000 	C:\WINDOWS\system32\IMM32.DLL
0x0000000070b90000 - 0x0000000070c61000 	C:\Program Files\Java\jdk1.7.0_04\jre\bin\msvcr100.dll
0x000000006fd00000 - 0x000000007041a000 	C:\Program Files\Java\jdk1.7.0_04\jre\bin\server\jvm.dll
0x0000000043fd0000 - 0x0000000043ff3000 	C:\WINDOWS\system32\WINMM.dll
0x0000000043ba0000 - 0x0000000043bcc000 	C:\WINDOWS\system32\WINMMBASE.dll
0x00000000441f0000 - 0x0000000044233000 	C:\WINDOWS\system32\cfgmgr32.dll
0x0000000045500000 - 0x0000000045508000 	C:\WINDOWS\system32\PSAPI.DLL
0x000000003f830000 - 0x000000003f839000 	C:\WINDOWS\SYSTEM32\WSOCK32.dll
0x0000000044be0000 - 0x0000000044c4b000 	C:\WINDOWS\system32\WS2_32.dll
0x0000000071d10000 - 0x0000000071d1f000 	C:\Program Files\Java\jdk1.7.0_04\jre\bin\verify.dll
0x0000000071ac0000 - 0x0000000071ae8000 	C:\Program Files\Java\jdk1.7.0_04\jre\bin\java.dll
0x0000000071aa0000 - 0x0000000071ab5000 	C:\Program Files\Java\jdk1.7.0_04\jre\bin\zip.dll

VM Arguments:
jvm_args: -Djava.awt.headless=true -Xmx1024M -Dfile.encoding=GBK -Duser.country=CN -Duser.language=zh -Duser.variant 
java_command: com.android.dx.command.Main --dex --force-jumbo --num-threads=4 --multi-dex --output G:\android\zhsh\app\build\intermediates\transforms\dex\debug\folders\1000\5\slice_3 G:\android\zhsh\app\build\intermediates\transforms\instantRunSlicer\debug\folders\1\5\slice_3
Launcher Type: SUN_STANDARD

Environment Variables:
JAVA_HOME=C:\Program Files\Java\jdk1.8.0_73
CLASSPATH=.;C:\Program Files\Java\jdk1.8.0_73\lib;C:\Program Files\Java\jdk1.8.0_73\lib\tools.jar
PATH=C:\ProgramData\Oracle\Java\javapath;D:\app\Administrator\product\12.1.0\dbhome_1\bin;D:\app\csx\product\12.1.0\dbhome_2\bin;D:\app\CSX\product\12.1.0\dbhome_1\bin;C:\WINDOWS\system32;C:\WINDOWS;C:\WINDOWS\System32\Wbem;C:\WINDOWS\System32\WindowsPowerShell\v1.0\;C:\Program Files (x86)\NVIDIA Corporation\PhysX\Common;C:\Program Files\Java\jdk1.8.0_73\bin;C:\Program Files\Java\jdk1.8.0_73\jre\bin;D:\mysql-5.6.27-winx64\bin;D:\apache-ant-1.9.6-bin\apache-ant-1.9.6\bin;C:\WINDOWS\system32;C:\WINDOWS;C:\WINDOWS\System32\Wbem;C:\WINDOWS\System32\WindowsPowerShell\v1.0\;D:\sdk\android-sdk_r24.3.4-windows\android-sdk-windows\platform-tools;C:\Program Files\Microsoft SQL Server\120\Tools\Binn\;C:\Program Files\VisualSVN Server\bin;C:\Program Files\TortoiseSVN\bin;D:\TortoiseGit\bin;G:\¿ª·¢°ü\android-ndk-r10e;U;ERPROFILE\.dnx\bin;C:\Program Files\Microsoft DNX\Dnvm\;H:\amp\php;H:\amp\apache\bin;C:\Program Files (x86)\Skype\Phone\;D:\Git\bin;D:\eclipse-che-4.0.0-RC13\tools\jre\bin;C:\Program Files\Docker Toolbox;D:\rationalrose\Common;D:\apache-maven-3.2.1\bin;D:\UltraEdit-32
USERNAME=Administrator
OS=Windows_NT
PROCESSOR_IDENTIFIER=Intel64 Family 6 Model 58 Stepping 9, GenuineIntel



---------------  S Y S T E M  ---------------

OS: Windows NT 6.2 Build 9200 

CPU:total 4 (2 cores per cpu, 2 threads per core) family 6 model 58 stepping 9, cmov, cx8, fxsr, mmx, sse, sse2, sse3, ssse3, sse4.1, sse4.2, popcnt, avx, ht, tsc, tscinvbit, tscinv

Memory: 4k page, physical 8232356k(2104076k free), swap 11378084k(222416k free)

vm_info: Java HotSpot(TM) 64-Bit Server VM (23.0-b21) for windows-amd64 JRE (1.7.0_04-b22), built on May  2 2012 23:28:26 by "java_re" with unknown MS VC++:1600

time: Mon May 09 23:54:27 2016
elapsed time: 0 seconds

