 for ChunkPool::allocate
# Possible reasons:
#   The system is out of physical RAM or swap space
#   In 32 bit mode, the process size limit was hit
# Possible solutions:
#   Reduce memory load on the system
#   Increase physical memory or swap space
#   Check if swap backing store is full
#   Use 64 bit Java on a 64 bit OS
#   Decrease Java heap size (-Xmx/-Xms)
#   Decrease number of Java threads
#   Decrease Java thread stack sizes (-Xss)
#   Set larger code cache with -XX:ReservedCodeCacheSize=
# This output file may be truncated or incomplete.
#
#  Out of Memory Error (allocation.cpp:222), pid=13512, tid=11040
#
# JRE version: 7.0_04-b22
# Java VM: Java HotSpot(TM) 64-Bit Server VM (23.0-b21 mixed mode windows-amd64 compressed oops)
# Failed to write core dump. Minidumps are not enabled by default on client versions of Windows
#

---------------  T H R E A D  ---------------

Current thread (0x0000000008a51800):  JavaThread "C2 CompilerThread0" daemon [_thread_in_native, id=11040, stack(0x000000000a000000,0x000000000a100000)]

Stack: [0x000000000a000000,0x000000000a100000]

Current CompileTask:
C2:    221    6             java.lang.String::replace (142 bytes)


---------------  P R O C E S S  ---------------

Java Threads: ( => current thread )
  0x0000000008a64800 JavaThread "Service Thread" daemon [_thread_blocked, id=10484, stack(0x000000000a200000,0x000000000a300000)]
  0x0000000008a53800 JavaThread "C2 CompilerThread1" daemon [_thread_in_native, id=11660, stack(0x000000000a100000,0x000000000a200000)]
=>0x0000000008a51800 JavaThread "C2 CompilerThread0" daemon [_thread_in_native, id=11040, stack(0x000000000a000000,0x000000000a100000)]
  0x0000000008a50800 JavaThread "Attach Listener" daemon [_thread_blocked, id=13824, stack(0x0000000009f00000,0x000000000a000000)]
  0x0000000008a4d800 JavaThread "Signal Dispatcher" daemon [_thread_blocked, id=11652, stack(0x0000000009e00000,0x0000000009f00000)]
  0x00000000089c7800 JavaThread "Finalizer" daemon [_thread_blocked, id=13632, stack(0x0000000009d00000,0x0000000009e00000)]
  0x00000000089be800 JavaThread "Reference Handler" daemon [_thread_blocked, id=14000, stack(0x0000000009c00000,0x0000000009d00000)]
  0x0000000002460800 JavaThread "main" [_thread_in_vm, id=13964, stack(0x0000000002360000,0x0000000002460000)]

Other Threads:
  0x00000000089b7000 VMThread [stack: 0x0000000009b00000,0x0000000009c00000] [id=14220]
  0x0000000008a71800 WatcherThread [stack: 0x000000000a300000,0x000000000a400000] [id=13392]

VM state:not at safepoint (normal execution)

VM Mutex/Monitor currently owned by a thread: None

Heap
 PSYoungGen      total 37568K, used 1939K [0x00000000eaab0000, 0x00000000ed490000, 0x0000000000000000)
  eden space 32256K, 6% used [0x00000000eaab0000,0x00000000eac94ef0,0x00000000eca30000)
  from space 5312K, 0% used [0x00000000ecf60000,0x00000000ecf60000,0x00000000ed490000)
  to   space 5312K, 0% used [0x00000000eca30000,0x00000000eca30000,0x00000000ecf60000)
 ParOldGen       total 85760K, used 0K [0x00000000c0000000, 0x00000000c53c0000, 0x00000000eaab0000)
  object space 85760K, 0% used [0x00000000c0000000,0x00000000c0000000,0x00000000c53c0000)
 PSPermGen       total 21248K, used 3403K [0x00000000bae00000, 0x00000000bc2c0000, 0x00000000c0000000)
  object space 21248K, 16% used [0x00000000bae00000,0x00000000bb152e00,0x00000000bc2c0000)

Code Cache  [0x0000000002560000, 0x00000000027d0000, 0x0000000005560000)
 total_blobs=200 nmethods=6 adapters=146 free_code_cache=48758Kb largest_free_block=49913920

Compilation events (10 events):
Event: 0.188 Thread 0x0000000008a53800    3             java.lang.String::indexOf (87 bytes)
Event: 0.190 Thread 0x0000000008a51800    4             java.lang.String::hashCode (67 bytes)
Event: 0.191 Thread 0x0000000008a53800 nmethod 3 0x00000000025bfa90 code [0x00000000025bfbe0, 0x00000000025bfd88]
Event: 0.192 Thread 0x0000000008a51800 nmethod 4 0x00000000025c2f10 code [0x00000000025c3040, 0x00000000025c31d8]
Event: 0.199 Thread 0x0000000008a53800    5             java.lang.String::lastIndexOf (68 bytes)
Event: 0.201 Thread 0x0000000008a53800 nmethod 5 0x00000000025c1590 code [0x00000000025c16e0, 0x00000000025c1888]
Event: 0.208 Thread 0x0000000008a51800    6             java.lang.String::replace (142 bytes)
Event: 0.215 Thread 0x0000000008a53800    7             java.util.regex.Matcher::reset (83 bytes)
Event: 0.218 Thread 0x0000000008a53800 nmethod 7 0x00000000025c2950 code [0x00000000025c2aa0, 0x00000000025c2bd8]
Event: 0.218 Thread 0x0000000008a53800    8             java.util.regex.Pattern$BnM::optimize (179 bytes)

GC Heap History (0 events):
No events

Deoptimization events (0 events):
No events

Internal exceptions (10 events):
Event: 0.195 Thread 0x0000000002460800 Threw 0x00000000eabffd50 at C:\jdk7u2_64p\jdk7u4\hotspot\src\share\vm\prims\jvm.cpp:1166
Event: 0.196 Thread 0x0000000002460800 Threw 0x00000000eac01c48 at C:\jdk7u2_64p\jdk7u4\hotspot\src\share\vm\prims\jvm.cpp:1166
Event: 0.197 Thread 0x0000000002460800 Threw 0x00000000eac06420 at C:\jdk7u2_64p\jdk7u4\hotspot\src\share\vm\prims\jvm.cpp:1166
Event: 0.197 Thread 0x0000000002460800 Threw 0x00000000eac0a5a8 at C:\jdk7u2_64p\jdk7u4\hotspot\src\share\vm\prims\jvm.cpp:1166
Event: 0.198 Thread 0x0000000002460800 Threw 0x00000000eac0eec0 at C:\jdk7u2_64p\jdk7u4\hotspot\src\share\vm\prims\jvm.cpp:1166
Event: 0.199 Thread 0x0000000002460800 Threw 0x00000000eac131d0 at C:\jdk7u2_64p\jdk7u4\hotspot\src\share\vm\prims\jvm.cpp:1166
Event: 0.201 Thread 0x0000000002460800 Threw 0x00000000eac19d78 at C:\jdk7u2_64p\jdk7u4\hotspot\src\share\vm\prims\jvm.cpp:1166
Event: 0.202 Thread 0x0000000002460800 Threw 0x00000000eac1f2a8 at C:\jdk7u2_64p\jdk7u4\hotspot\src\share\vm\prims\jvm.cpp:1166
Event: 0.202 Thread 0x0000000002460800 Threw 0x00000000eac21150 at C:\jdk7u2_64p\jdk7u4\hotspot\src\share\vm\prims\jvm.cpp:1166
Event: 0.204 Thread 0x0000000002460800 Threw 0x00000000eac284d0 at C:\jdk7u2_64p\jdk7u4\hotspot\src\share\vm\prims\jvm.cpp:1166

Events (10 events):
Event: 0.206 loading class 0x000000000a4d1180 done
Event: 0.206 loading class 0x00000000024b2050 done
Event: 0.218 loading class 0x000000000890d7d0
Event: 0.218 loading class 0x000000000890eca0
Event: 0.219 loading class 0x000000000890eca0 done
Event: 0.219 loading class 0x000000000890d7a0
Event: 0.219 loading class 0x000000000890d7a0 done
Event: 0.219 loading class 0x000000000890d7d0 done
Event: 0.219 loading class 0x00000000088f01a0
Event: 0.219 loading class 0x00000000088f01a0 done


Dynamic libraries:
0x00000000eafc0000 - 0x00000000eaff3000 	C:\Program Files\Java\jdk1.7.0_04\bin\java.exe
0x0000000047790000 - 0x0000000047951000 	C:\WINDOWS\SYSTEM32\ntdll.dll
0x0000000045ef0000 - 0x0000000045f9d000 	C:\WINDOWS\system32\KERNEL32.DLL
0x0000000044000000 - 0x00000000441e8000 	C:\WINDOWS\system32\KERNELBASE.dll
0x0000000045d10000 - 0x0000000045db7000 	C:\WINDOWS\system32\ADVAPI32.dll
0x0000000045290000 - 0x000000004532d000 	C:\WINDOWS\system32\msvcrt.dll
0x0000000045330000 - 0x000000004538b000 	C:\WINDOWS\system32\sechost.dll
0x0000000045bf0000 - 0x0000000045d0c000 	C:\WINDOWS\system32\RPCRT4.dll
0x0000000044c50000 - 0x0000000044da6000 	C:\WINDOWS\system32\USER32.dll
0x0000000045fa0000 - 0x0000000046126000 	C:\WINDOWS\system32\GDI32.dll
0x0000000040910000 - 0x0000000040b84000 	C:\WINDOWS\WinSxS\amd64_microsoft.windows.common-controls_6595b64144ccf1df_6.0.10586.0_none_8c15ae12515e1c22\COMCTL32.dll
0x0000000045970000 - 0x0000000045bed000 	C:\WINDOWS\system32\combase.dll
0x0000000044240000 - 0x00000000442aa000 	C:\WINDOWS\system32\bcryptPrimitives.dll
0x0000000045de0000 - 0x0000000045e1b000 	C:\WINDOWS\system32\IMM32.DLL
0x0000000070b90000 - 0x0000000070c61000 	C:\Program Files\Java\jdk1.7.0_04\jre\bin\msvcr100.dll
0x000000006fd00000 - 0x000000007041a000 	C:\Program Files\Java\jdk1.7.0_04\jre\bin\server\jvm.dll
0x0000000043fd0000 - 0x0000000043ff3000 	C:\WINDOWS\system32\WINMM.dll
0x0000000043ba0000 - 0x0000000043bcc000 	C:\WINDOWS\system32\WINMMBASE.dll
0x00000000441f0000 - 0x0000000044233000 	C:\WINDOWS\system32\cfgmgr32.dll
0x0000000045500000 - 0x0000000045508000 	C:\WINDOWS\system32\PSAPI.DLL
0x000000003f830000 - 0x000000003f839000 	C:\WINDOWS\SYSTEM32\WSOCK32.dll
0x0000000044be0000 - 0x0000000044c4b000 	C:\WINDOWS\system32\WS2_32.dll
0x0000000071d10000 - 0x0000000071d1f000 	C:\Program Files\Java\jdk1.7.0_04\jre\bin\verify.dll
0x0000000071ac0000 - 0x0000000071ae8000 	C:\Program Files\Java\jdk1.7.0_04\jre\bin\java.dll
0x0000000071aa0000 - 0x0000000071ab5000 	C:\Program Files\Java\jdk1.7.0_04\jre\bin\zip.dll

VM Arguments:
jvm_args: -Djava.awt.headless=true -Xmx1024M -Dfile.encoding=GBK -Duser.country=CN -Duser.language=zh -Duser.variant 
java_command: com.android.dx.command.Main --dex --force-jumbo --num-threads=4 --multi-dex --output G:\android\zhsh\app\build\intermediates\transforms\dex\debug\folders\1000\10\instant-run_237f092e6652b79f0a420178d2475d59a232e151 G:\android\zhsh\app\build\intermediates\incremental-runtime-classes\debug\instant-run.jar
Launcher Type: SUN_STANDARD

Environment Variables:
JAVA_HOME=C:\Program Files\Java\jdk1.8.0_73
CLASSPATH=.;C:\Program Files\Java\jdk1.8.0_73\lib;C:\Program Files\Java\jdk1.8.0_73\lib\tools.jar
PATH=C:\ProgramData\Oracle\Java\javapath;D:\app\Administrator\product\12.1.0\dbhome_1\bin;D:\app\csx\product\12.1.0\dbhome_2\bin;D:\app\CSX\product\12.1.0\dbhome_1\bin;C:\WINDOWS\system32;C:\WINDOWS;C:\WINDOWS\System32\Wbem;C:\WINDOWS\System32\WindowsPowerShell\v1.0\;C:\Program Files (x86)\NVIDIA Corporation\PhysX\Common;C:\Program Files\Java\jdk1.8.0_73\bin;C:\Program Files\Java\jdk1.8.0_73\jre\bin;D:\mysql-5.6.27-winx64\bin;D:\apache-ant-1.9.6-bin\apache-ant-1.9.6\bin;C:\WINDOWS\system32;C:\WINDOWS;C:\WINDOWS\System32\Wbem;C:\WINDOWS\System32\WindowsPowerShell\v1.0\;D:\sdk\android-sdk_r24.3.4-windows\android-sdk-windows\platform-tools;C:\Program Files\Microsoft SQL Server\120\Tools\Binn\;C:\Program Files\VisualSVN Server\bin;C:\Program Files\TortoiseSVN\bin;D:\TortoiseGit\bin;G:\¿ª·¢°ü\android-ndk-r10e;U;ERPROFILE\.dnx\bin;C:\Program Files\Microsoft DNX\Dnvm\;H:\amp\php;H:\amp\apache\bin;C:\Program Files (x86)\Skype\Phone\;D:\Git\bin;D:\eclipse-che-4.0.0-RC13\tools\jre\bin;C:\Program Files\Docker Toolbox;D:\rationalrose\Common;D:\apache-maven-3.2.1\bin;D:\UltraEdit-32
USERNAME=Administrator
OS=Windows_NT
PROCESSOR_IDENTIFIER=Intel64 Family 6 Model 58 Stepping 9, GenuineIntel



---------------  S Y S T E M  ---------------

OS: Windows NT 6.2 Build 9200 

CPU:total 4 (2 cores per cpu, 2 threads per core) family 6 model 58 stepping 9, cmov, cx8, fxsr, mmx, sse, sse2, sse3, ssse3, sse4.1, sse4.2, popcnt, avx, ht, tsc, tscinvbit, tscinv

Memory: 4k page, physical 8232356k(2012156k free), swap 11378084k(3204k free)

vm_info: Java HotSpot(TM) 64-Bit Server VM (23.0-b21) for windows-amd64 JRE (1.7.0_04-b22), built on May  2 2012 23:28:26 by "java_re" with unknown MS VC++:1600

time: Mon May 09 23:54:28 2016
elapsed time: 0 seconds

